Name:         kube2ram-dswhm
Namespace:    kube-system
Priority:     0
Node:         eu-central-1.10.2.0.187/10.2.0.187
Start Time:   Mon, 11 May 2020 09:49:47 +0200
Labels:       app.kubernetes.io/name=kube2ram
              controller-revision-hash=fc7c4cffd
              pod-template-generation=1
Annotations:  kubernetes.io/psp: ack.privileged
Status:       Running
IP:           10.2.0.187
IPs:
  IP:           10.2.0.187
Controlled By:  DaemonSet/kube2ram
Containers:
  kube2ram:
    Container ID:  docker://703d51e77ee2254e995d896a98b3b5d0c845dc752fa082682961ba2a91aabd29
    Image:         registry.cn-hangzhou.aliyuncs.com/acs/kube2ram:1.0.0
    Image ID:      docker-pullable://registry.cn-hangzhou.aliyuncs.com/acs/kube2ram@sha256:20a77182cac454500cd1b4527fa07b106ed4a1af32ac56c11eb2291eec30e745
    Port:          8181/TCP
    Host Port:     8181/TCP
    Args:
      --app-port=8181
      --iptables=true
      --host-ip=$(HOST_IP)
      --host-interface=cali+
      --verbose
      --debug
    State:          Waiting
      Reason:       CrashLoopBackOff
    Last State:     Terminated
      Reason:       Error
      Exit Code:    1
      Started:      Mon, 11 May 2020 10:47:41 +0200
      Finished:     Mon, 11 May 2020 10:47:41 +0200
    Ready:          False
    Restart Count:  16
    Environment:
      HOST_IP:     (v1:status.podIP)
      NODE_NAME:   (v1:spec.nodeName)
    Mounts:       <none>
Conditions:
  Type              Status
  Initialized       True 
  Ready             False 
  ContainersReady   False 
  PodScheduled      True 
Volumes:            <none>
QoS Class:          BestEffort
Node-Selectors:     <none>
Tolerations:        node.kubernetes.io/disk-pressure:NoSchedule
                    node.kubernetes.io/memory-pressure:NoSchedule
                    node.kubernetes.io/network-unavailable:NoSchedule
                    node.kubernetes.io/not-ready:NoExecute
                    node.kubernetes.io/pid-pressure:NoSchedule
                    node.kubernetes.io/unreachable:NoExecute
                    node.kubernetes.io/unschedulable:NoSchedule
Events:
  Type     Reason     Age                    From                              Message
  ----     ------     ----                   ----                              -------
  Normal   Scheduled  <unknown>              default-scheduler                 Successfully assigned kube-system/kube2ram-dswhm to eu-central-1.10.2.0.187
  Normal   Pulled     58m (x4 over 59m)      kubelet, eu-central-1.10.2.0.187  Successfully pulled image "registry.cn-hangzhou.aliyuncs.com/acs/kube2ram:1.0.0"
  Normal   Created    58m (x4 over 59m)      kubelet, eu-central-1.10.2.0.187  Created container kube2ram
  Normal   Started    58m (x4 over 59m)      kubelet, eu-central-1.10.2.0.187  Started container kube2ram
  Normal   Pulling    57m (x5 over 59m)      kubelet, eu-central-1.10.2.0.187  Pulling image "registry.cn-hangzhou.aliyuncs.com/acs/kube2ram:1.0.0"
  Warning  BackOff    4m42s (x253 over 59m)  kubelet, eu-central-1.10.2.0.187  Back-off restarting failed container
