Name:         kube2ram-f95jv
Namespace:    kube-system
Priority:     0
Node:         eu-central-1.10.2.0.187/10.2.0.187
Start Time:   Mon, 11 May 2020 10:53:57 +0200
Labels:       app.kubernetes.io/name=kube2ram
              controller-revision-hash=65c95d5fc5
              pod-template-generation=1
Annotations:  kubernetes.io/psp: ack.privileged
Status:       Running
IP:           10.2.0.187
IPs:
  IP:           10.2.0.187
Controlled By:  DaemonSet/kube2ram
Containers:
  kube2ram:
    Container ID:  docker://64979c3d1d6a7282a9c76cf2cf39d2f010723d30d08ff6be2f205a1716690e80
    Image:         registry.cn-hangzhou.aliyuncs.com/acs/kube2ram:1.0.0
    Image ID:      docker-pullable://registry.cn-hangzhou.aliyuncs.com/acs/kube2ram@sha256:20a77182cac454500cd1b4527fa07b106ed4a1af32ac56c11eb2291eec30e745
    Port:          8181/TCP
    Host Port:     8181/TCP
    Args:
      --app-port=8181
      --iptables=true
      --host-ip=$(HOST_IP)
      --host-interface=cali+
      --verbose
      --debug
    State:          Running
      Started:      Mon, 11 May 2020 10:54:01 +0200
    Ready:          True
    Restart Count:  0
    Environment:
      HOST_IP:     (v1:status.podIP)
      NODE_NAME:   (v1:spec.nodeName)
    Mounts:
      /var/run/secrets/kubernetes.io/serviceaccount from kube2ram-token-bwjw2 (ro)
Conditions:
  Type              Status
  Initialized       True 
  Ready             True 
  ContainersReady   True 
  PodScheduled      True 
Volumes:
  kube2ram-token-bwjw2:
    Type:        Secret (a volume populated by a Secret)
    SecretName:  kube2ram-token-bwjw2
    Optional:    false
QoS Class:       BestEffort
Node-Selectors:  <none>
Tolerations:     node.kubernetes.io/disk-pressure:NoSchedule
                 node.kubernetes.io/memory-pressure:NoSchedule
                 node.kubernetes.io/network-unavailable:NoSchedule
                 node.kubernetes.io/not-ready:NoExecute
                 node.kubernetes.io/pid-pressure:NoSchedule
                 node.kubernetes.io/unreachable:NoExecute
                 node.kubernetes.io/unschedulable:NoSchedule
Events:
  Type    Reason     Age        From                              Message
  ----    ------     ----       ----                              -------
  Normal  Scheduled  <unknown>  default-scheduler                 Successfully assigned kube-system/kube2ram-f95jv to eu-central-1.10.2.0.187
  Normal  Pulling    2m8s       kubelet, eu-central-1.10.2.0.187  Pulling image "registry.cn-hangzhou.aliyuncs.com/acs/kube2ram:1.0.0"
  Normal  Pulled     2m5s       kubelet, eu-central-1.10.2.0.187  Successfully pulled image "registry.cn-hangzhou.aliyuncs.com/acs/kube2ram:1.0.0"
  Normal  Created    2m5s       kubelet, eu-central-1.10.2.0.187  Created container kube2ram
  Normal  Started    2m5s       kubelet, eu-central-1.10.2.0.187  Started container kube2ram
